Performing system checks...

System check identified no issues (0 silenced).
December 06, 2025 - 18:52:58
Django version 5.2.4, using settings 'app.settings'
Starting development server at http://0.0.0.0:8001/
Quit the server with CTRL-BREAK.

WARNING: This is a development server. Do not use it in a production setting. Use a production WSGI or ASGI server instead.
For more information on production servers see: https://docs.djangoproject.com/en/5.2/howto/deployment/
Performing system checks...

System check identified no issues (0 silenced).
December 06, 2025 - 18:59:39
Django version 5.2.4, using settings 'app.settings'
Starting development server at http://0.0.0.0:8001/
Quit the server with CTRL-BREAK.

WARNING: This is a development server. Do not use it in a production setting. Use a production WSGI or ASGI server instead.
For more information on production servers see: https://docs.djangoproject.com/en/5.2/howto/deployment/
Performing system checks...

System check identified no issues (0 silenced).
December 06, 2025 - 19:04:26
Django version 5.2.4, using settings 'app.settings'
Starting development server at http://0.0.0.0:8001/
Quit the server with CTRL-BREAK.

WARNING: This is a development server. Do not use it in a production setting. Use a production WSGI or ASGI server instead.
For more information on production servers see: https://docs.djangoproject.com/en/5.2/howto/deployment/
Performing system checks...

System check identified no issues (0 silenced).
December 06, 2025 - 20:08:11
Django version 5.2.4, using settings 'app.settings'
Starting development server at http://0.0.0.0:8001/
Quit the server with CTRL-BREAK.

WARNING: This is a development server. Do not use it in a production setting. Use a production WSGI or ASGI server instead.
For more information on production servers see: https://docs.djangoproject.com/en/5.2/howto/deployment/
Performing system checks...

System check identified no issues (0 silenced).
December 06, 2025 - 20:08:44
Django version 5.2.4, using settings 'app.settings'
Starting development server at http://0.0.0.0:8001/
Quit the server with CTRL-BREAK.

WARNING: This is a development server. Do not use it in a production setting. Use a production WSGI or ASGI server instead.
For more information on production servers see: https://docs.djangoproject.com/en/5.2/howto/deployment/
Performing system checks...

System check identified no issues (0 silenced).
December 06, 2025 - 20:08:50
Django version 5.2.4, using settings 'app.settings'
Starting development server at http://0.0.0.0:8001/
Quit the server with CTRL-BREAK.

WARNING: This is a development server. Do not use it in a production setting. Use a production WSGI or ASGI server instead.
For more information on production servers see: https://docs.djangoproject.com/en/5.2/howto/deployment/
Performing system checks...

System check identified no issues (0 silenced).
December 06, 2025 - 20:09:01
Django version 5.2.4, using settings 'app.settings'
Starting development server at http://0.0.0.0:8001/
Quit the server with CTRL-BREAK.

WARNING: This is a development server. Do not use it in a production setting. Use a production WSGI or ASGI server instead.
For more information on production servers see: https://docs.djangoproject.com/en/5.2/howto/deployment/
Performing system checks...

System check identified no issues (0 silenced).
December 06, 2025 - 20:09:06
Django version 5.2.4, using settings 'app.settings'
Starting development server at http://0.0.0.0:8001/
Quit the server with CTRL-BREAK.

WARNING: This is a development server. Do not use it in a production setting. Use a production WSGI or ASGI server instead.
For more information on production servers see: https://docs.djangoproject.com/en/5.2/howto/deployment/
Performing system checks...

System check identified no issues (0 silenced).
December 06, 2025 - 20:09:52
Django version 5.2.4, using settings 'app.settings'
Starting development server at http://0.0.0.0:8001/
Quit the server with CTRL-BREAK.

WARNING: This is a development server. Do not use it in a production setting. Use a production WSGI or ASGI server instead.
For more information on production servers see: https://docs.djangoproject.com/en/5.2/howto/deployment/
Performing system checks...

System check identified no issues (0 silenced).
December 06, 2025 - 20:10:45
Django version 5.2.4, using settings 'app.settings'
Starting development server at http://0.0.0.0:8001/
Quit the server with CTRL-BREAK.

WARNING: This is a development server. Do not use it in a production setting. Use a production WSGI or ASGI server instead.
For more information on production servers see: https://docs.djangoproject.com/en/5.2/howto/deployment/
Performing system checks...

System check identified no issues (0 silenced).
December 06, 2025 - 20:12:47
Django version 5.2.4, using settings 'app.settings'
Starting development server at http://0.0.0.0:8001/
Quit the server with CTRL-BREAK.

WARNING: This is a development server. Do not use it in a production setting. Use a production WSGI or ASGI server instead.
For more information on production servers see: https://docs.djangoproject.com/en/5.2/howto/deployment/
Performing system checks...

System check identified no issues (0 silenced).
December 06, 2025 - 20:13:01
Django version 5.2.4, using settings 'app.settings'
Starting development server at http://0.0.0.0:8001/
Quit the server with CTRL-BREAK.

WARNING: This is a development server. Do not use it in a production setting. Use a production WSGI or ASGI server instead.
For more information on production servers see: https://docs.djangoproject.com/en/5.2/howto/deployment/
Performing system checks...

System check identified no issues (0 silenced).
December 06, 2025 - 20:13:06
Django version 5.2.4, using settings 'app.settings'
Starting development server at http://0.0.0.0:8001/
Quit the server with CTRL-BREAK.

WARNING: This is a development server. Do not use it in a production setting. Use a production WSGI or ASGI server instead.
For more information on production servers see: https://docs.djangoproject.com/en/5.2/howto/deployment/
Performing system checks...

Performing system checks...

System check identified no issues (0 silenced).
December 06, 2025 - 20:13:19
Django version 5.2.4, using settings 'app.settings'
Starting development server at http://0.0.0.0:8001/
Quit the server with CTRL-BREAK.

WARNING: This is a development server. Do not use it in a production setting. Use a production WSGI or ASGI server instead.
For more information on production servers see: https://docs.djangoproject.com/en/5.2/howto/deployment/
Performing system checks...

System check identified no issues (0 silenced).
December 06, 2025 - 20:13:40
Django version 5.2.4, using settings 'app.settings'
Starting development server at http://0.0.0.0:8001/
Quit the server with CTRL-BREAK.

WARNING: This is a development server. Do not use it in a production setting. Use a production WSGI or ASGI server instead.
For more information on production servers see: https://docs.djangoproject.com/en/5.2/howto/deployment/
Performing system checks...

System check identified no issues (0 silenced).
December 06, 2025 - 22:16:45
Django version 5.2.4, using settings 'app.settings'
Starting development server at http://0.0.0.0:8001/
Quit the server with CTRL-BREAK.

WARNING: This is a development server. Do not use it in a production setting. Use a production WSGI or ASGI server instead.
For more information on production servers see: https://docs.djangoproject.com/en/5.2/howto/deployment/
Performing system checks...

System check identified no issues (0 silenced).
December 06, 2025 - 22:17:50
Django version 5.2.4, using settings 'app.settings'
Starting development server at http://0.0.0.0:8001/
Quit the server with CTRL-BREAK.

WARNING: This is a development server. Do not use it in a production setting. Use a production WSGI or ASGI server instead.
For more information on production servers see: https://docs.djangoproject.com/en/5.2/howto/deployment/
Performing system checks...

System check identified no issues (0 silenced).
December 06, 2025 - 22:19:11
Django version 5.2.4, using settings 'app.settings'
Starting development server at http://0.0.0.0:8001/
Quit the server with CTRL-BREAK.

WARNING: This is a development server. Do not use it in a production setting. Use a production WSGI or ASGI server instead.
For more information on production servers see: https://docs.djangoproject.com/en/5.2/howto/deployment/
